2015-05-14 21:51:30 - PHP Warning:  fread(): Length parameter must be greater than 0 in /home/ari/ari.in.ua/store/system/library/cache/file.php on line 32
2015-05-14 21:51:30 - PHP Warning:  fread(): Length parameter must be greater than 0 in /home/ari/ari.in.ua/store/system/library/cache/file.php on line 32
2015-05-28 14:13:35 - PHP Notice:  Undefined index: yaer in /home/ari/ari.in.ua/store/catalog/controller/common/footer.php on line 85
2015-05-28 14:13:35 - PHP Notice:  Undefined index: model in /home/ari/ari.in.ua/store/catalog/controller/common/footer.php on line 89
2015-05-28 14:13:35 - PHP Notice:  Undefined variable: yaer in /home/ari/ari.in.ua/store/catalog/controller/common/footer.php on line 93
2015-05-28 14:13:35 - PHP Notice:  Undefined variable: model in /home/ari/ari.in.ua/store/catalog/controller/common/footer.php on line 93
2015-05-28 14:15:00 - PHP Notice:  Undefined index: yaer in /home/ari/ari.in.ua/store/catalog/controller/common/footer.php on line 85
2015-05-28 14:15:00 - PHP Notice:  Undefined index: model in /home/ari/ari.in.ua/store/catalog/controller/common/footer.php on line 89
2015-05-28 14:15:00 - PHP Notice:  Undefined variable: yaer in /home/ari/ari.in.ua/store/catalog/controller/common/footer.php on line 93
2015-05-28 14:15:00 - PHP Notice:  Undefined variable: model in /home/ari/ari.in.ua/store/catalog/controller/common/footer.php on line 93
2015-05-28 14:29:00 - PHP Notice:  Undefined index: yaer in /home/ari/ari.in.ua/store/catalog/controller/common/footer.php on line 87
2015-05-28 14:29:00 - PHP Notice:  Undefined index: model in /home/ari/ari.in.ua/store/catalog/controller/common/footer.php on line 91
2015-05-28 14:29:00 - PHP Notice:  Error: You have an error in your SQL syntax; check the manual that corresponds to your MySQL server version for the right syntax to use near 'oc_attribute a LEFT JOIN `oc_attribute_description ad (a.attribute_id = ad.attri' at line 1<br />Error No: 1064<br />SELECT * oc_attribute a LEFT JOIN `oc_attribute_description ad (a.attribute_id = ad.attribute_id) WHERE a.attribute_id = 7 in /home/ari/ari.in.ua/store/system/library/db/mysqli.php on line 41
2015-05-28 14:29:00 - PHP Notice:  Trying to get property of non-object in /home/ari/ari.in.ua/store/catalog/model/catalog/searching_car.php on line 6
2015-05-28 14:29:04 - PHP Notice:  Undefined index: yaer in /home/ari/ari.in.ua/store/catalog/controller/common/footer.php on line 87
2015-05-28 14:29:04 - PHP Notice:  Undefined index: model in /home/ari/ari.in.ua/store/catalog/controller/common/footer.php on line 91
2015-05-28 14:29:04 - PHP Notice:  Error: You have an error in your SQL syntax; check the manual that corresponds to your MySQL server version for the right syntax to use near 'oc_attribute a LEFT JOIN `oc_attribute_description ad (a.attribute_id = ad.attri' at line 1<br />Error No: 1064<br />SELECT * oc_attribute a LEFT JOIN `oc_attribute_description ad (a.attribute_id = ad.attribute_id) WHERE a.attribute_id = 7 in /home/ari/ari.in.ua/store/system/library/db/mysqli.php on line 41
2015-05-28 14:29:04 - PHP Notice:  Trying to get property of non-object in /home/ari/ari.in.ua/store/catalog/model/catalog/searching_car.php on line 6
2015-05-28 14:30:23 - PHP Notice:  Undefined index: yaer in /home/ari/ari.in.ua/store/catalog/controller/common/footer.php on line 87
2015-05-28 14:30:23 - PHP Notice:  Undefined index: model in /home/ari/ari.in.ua/store/catalog/controller/common/footer.php on line 91
2015-05-28 14:30:23 - PHP Notice:  Error: You have an error in your SQL syntax; check the manual that corresponds to your MySQL server version for the right syntax to use near 'oc_attribute a LEFT JOIN `oc_attribute_description` ad (a.attribute_id = ad.attr' at line 1<br />Error No: 1064<br />SELECT * oc_attribute a LEFT JOIN `oc_attribute_description` ad (a.attribute_id = ad.attribute_id) WHERE a.attribute_id = 7 in /home/ari/ari.in.ua/store/system/library/db/mysqli.php on line 41
2015-05-28 14:30:23 - PHP Notice:  Trying to get property of non-object in /home/ari/ari.in.ua/store/catalog/model/catalog/searching_car.php on line 6
2015-05-28 14:32:13 - PHP Notice:  Undefined index: yaer in /home/ari/ari.in.ua/store/catalog/controller/common/footer.php on line 87
2015-05-28 14:32:13 - PHP Notice:  Undefined index: model in /home/ari/ari.in.ua/store/catalog/controller/common/footer.php on line 91
2015-05-28 14:32:13 - PHP Notice:  Error: You have an error in your SQL syntax; check the manual that corresponds to your MySQL server version for the right syntax to use near 'oc_attribute a LEFT JOIN `oc_attribute_description` ad (a.attribute_id = ad.attr' at line 1<br />Error No: 1064<br />SELECT * oc_attribute a LEFT JOIN `oc_attribute_description` ad (a.attribute_id = ad.attribute_id) WHERE a.attribute_group_id = 7 in /home/ari/ari.in.ua/store/system/library/db/mysqli.php on line 41
2015-05-28 14:32:13 - PHP Notice:  Trying to get property of non-object in /home/ari/ari.in.ua/store/catalog/model/catalog/searching_car.php on line 6
2015-05-28 14:48:46 - PHP Notice:  Undefined index: yaer in /home/ari/ari.in.ua/store/catalog/controller/common/footer.php on line 87
2015-05-28 14:48:46 - PHP Notice:  Undefined index: model in /home/ari/ari.in.ua/store/catalog/controller/common/footer.php on line 91
2015-05-28 14:48:46 - PHP Notice:  Error: You have an error in your SQL syntax; check the manual that corresponds to your MySQL server version for the right syntax to use near '(a.attribute_id = ad.attribute_id) WHERE a.attribute_group_id = 7' at line 1<br />Error No: 1064<br />SELECT * FROM `oc_attribute` a LEFT JOIN `oc_attribute_description` ad (a.attribute_id = ad.attribute_id) WHERE a.attribute_group_id = 7 in /home/ari/ari.in.ua/store/system/library/db/mysqli.php on line 41
2015-05-28 14:48:46 - PHP Notice:  Trying to get property of non-object in /home/ari/ari.in.ua/store/catalog/model/catalog/searching_car.php on line 6
2015-05-28 14:49:14 - PHP Notice:  Undefined index: yaer in /home/ari/ari.in.ua/store/catalog/controller/common/footer.php on line 87
2015-05-28 14:49:14 - PHP Notice:  Undefined index: model in /home/ari/ari.in.ua/store/catalog/controller/common/footer.php on line 91
2015-05-28 14:49:14 - PHP Notice:  Error: You have an error in your SQL syntax; check the manual that corresponds to your MySQL server version for the right syntax to use near '(a.attribute_id = ad.attribute_id) WHERE a.attribute_group_id = 7' at line 1<br />Error No: 1064<br />SELECT * FROM `oc_attribute` a LEFT JOIN `oc_attribute_description` ad (a.attribute_id = ad.attribute_id) WHERE a.attribute_group_id = 7 in /home/ari/ari.in.ua/store/system/library/db/mysqli.php on line 41
2015-05-28 14:49:14 - PHP Notice:  Trying to get property of non-object in /home/ari/ari.in.ua/store/catalog/model/catalog/searching_car.php on line 6
2015-05-28 14:50:50 - PHP Notice:  Error: Could not load model /home/ari/ari.in.ua/store/catalog/model/catalog/searching_car.php! in /home/ari/ari.in.ua/store/system/engine/loader.php on line 24
2015-05-28 14:51:17 - PHP Notice:  Undefined index: yaer in /home/ari/ari.in.ua/store/catalog/controller/common/footer.php on line 87
2015-05-28 14:51:17 - PHP Notice:  Undefined index: model in /home/ari/ari.in.ua/store/catalog/controller/common/footer.php on line 91
2015-05-28 14:51:17 - PHP Notice:  Error: You have an error in your SQL syntax; check the manual that corresponds to your MySQL server version for the right syntax to use near '(a.attribute_id = ad.attribute_id) WHERE a.attribute_group_id = 7' at line 1<br />Error No: 1064<br />SELECT * FROM `oc_attribute` a LEFT JOIN `oc_attribute_description` ad (a.attribute_id = ad.attribute_id) WHERE a.attribute_group_id = 7 in /home/ari/ari.in.ua/store/system/library/db/mysqli.php on line 41
2015-05-28 14:51:17 - PHP Notice:  Trying to get property of non-object in /home/ari/ari.in.ua/store/catalog/model/catalog/searching_car.php on line 6
2015-05-28 14:52:16 - PHP Notice:  Error: You have an error in your SQL syntax; check the manual that corresponds to your MySQL server version for the right syntax to use near '(a.attribute_id = ad.attribute_id) WHERE a.attribute_group_id = 7' at line 1<br />Error No: 1064<br />SELECT * FROM `oc_attribute` a LEFT JOIN `oc_attribute_description` ad (a.attribute_id = ad.attribute_id) WHERE a.attribute_group_id = 7 in /home/ari/ari.in.ua/store/system/library/db/mysqli.php on line 41
2015-05-28 14:52:16 - PHP Notice:  Trying to get property of non-object in /home/ari/ari.in.ua/store/catalog/model/catalog/searching_car.php on line 6
2015-05-28 15:24:03 - PHP Notice:  Undefined index: year in /home/ari/ari.in.ua/store/catalog/controller/common/searching_car.php on line 11
2015-05-28 15:24:03 - PHP Notice:  Undefined index: model in /home/ari/ari.in.ua/store/catalog/controller/common/searching_car.php on line 15
